051822 05:43:49 AM Opening firefox browser
051822 05:43:50 AM Navigating to https://www.saucedemo.com/
051822 05:43:50 AM *******Test Case: Cart Sign in Page
051822 05:43:52 AM Taking a screenshot .\screenshots\image-051822-054352.png
051822 05:43:52 AM Closing the browser
051822 05:44:04 AM Opening firefox browser
051822 05:44:05 AM Navigating to https://www.saucedemo.com/
051822 05:44:05 AM *******Test Case: Select Inventory List
051822 05:44:07 AM Taking a screenshot .\screenshots\image-051822-054407.png
051822 05:44:07 AM Closing the browser
051822 05:44:20 AM Opening firefox browser
051822 05:44:22 AM Navigating to https://www.saucedemo.com/
051822 05:44:22 AM *******Test Case: Select Menu List
051822 05:44:24 AM Taking a screenshot .\screenshots\image-051822-054423.png
051822 05:44:24 AM Closing the browser
051822 05:44:38 AM Opening firefox browser
051822 05:44:39 AM Navigating to https://www.saucedemo.com/
051822 05:44:39 AM *******Test Case: Validating Login Page Title
051822 05:44:39 AM Taking a screenshot .\screenshots\image-051822-054439.png
051822 05:44:39 AM Closing the browser
051822 05:44:50 AM Opening firefox browser
051822 05:44:52 AM Navigating to https://www.saucedemo.com/
051822 05:44:53 AM *******Test Case: Validating Login Process
051822 05:44:54 AM Taking a screenshot .\screenshots\image-051822-054453.png
051822 05:44:54 AM Closing the browser
051822 05:45:06 AM Opening firefox browser
051822 05:45:07 AM Navigating to https://www.saucedemo.com/
051822 05:45:07 AM *******Test Case: Select Inventory List
051822 05:45:10 AM Taking a screenshot .\screenshots\image-051822-054508.png
051822 05:45:10 AM Closing the browser
051822 05:45:23 AM Opening firefox browser
051822 05:45:24 AM Navigating to https://www.saucedemo.com/
051822 05:45:24 AM *******Test Case: Select Menu List
051822 05:45:27 AM Taking a screenshot .\screenshots\image-051822-054526.png
051822 05:45:27 AM Closing the browser
051822 05:45:39 AM Opening firefox browser
051822 05:45:40 AM Navigating to https://www.saucedemo.com/
051822 05:45:40 AM *******Test Case: Product Details
051822 05:45:43 AM Taking a screenshot .\screenshots\image-051822-054542.png
051822 05:45:43 AM Closing the browser
051822 05:45:56 AM Opening firefox browser
051822 05:45:58 AM Navigating to https://www.saucedemo.com/
051822 05:45:58 AM *******Test Case: Add Item to Cart
051822 05:46:00 AM Taking a screenshot .\screenshots\image-051822-054559.png
051822 05:46:00 AM Closing the browser
051822 05:49:12 AM Opening firefox browser
051822 05:49:13 AM Navigating to https://www.saucedemo.com/
051822 05:49:13 AM *******Test Case: Cart Sign in Page
051822 05:49:15 AM Taking a screenshot .\screenshots\image-051822-054914.png
051822 05:49:15 AM Closing the browser
051822 05:49:28 AM Opening firefox browser
051822 05:49:29 AM Navigating to https://www.saucedemo.com/
051822 05:49:29 AM *******Test Case: Select Inventory List
051822 05:49:31 AM Taking a screenshot .\screenshots\image-051822-054931.png
051822 05:49:31 AM Closing the browser
051822 05:49:44 AM Opening firefox browser
051822 05:49:45 AM Navigating to https://www.saucedemo.com/
051822 05:49:45 AM *******Test Case: Select Menu List
051822 05:49:46 AM Taking a screenshot .\screenshots\image-051822-054946.png
051822 05:49:46 AM Closing the browser
051822 05:49:59 AM Opening firefox browser
051822 05:50:01 AM Navigating to https://www.saucedemo.com/
051822 05:50:01 AM *******Test Case: Validating Login Page Title
051822 05:50:01 AM Taking a screenshot .\screenshots\image-051822-055001.png
051822 05:50:01 AM Closing the browser
051822 05:50:13 AM Opening firefox browser
051822 05:50:14 AM Navigating to https://www.saucedemo.com/
051822 05:50:15 AM *******Test Case: Validating Login Process
051822 05:50:15 AM Taking a screenshot .\screenshots\image-051822-055015.png
051822 05:50:15 AM Closing the browser
051822 05:50:28 AM Opening firefox browser
051822 05:50:29 AM Navigating to https://www.saucedemo.com/
051822 05:50:29 AM *******Test Case: Select Inventory List
051822 05:50:31 AM Taking a screenshot .\screenshots\image-051822-055030.png
051822 05:50:31 AM Closing the browser
051822 05:50:43 AM Opening firefox browser
051822 05:50:44 AM Navigating to https://www.saucedemo.com/
051822 05:50:44 AM *******Test Case: Select Menu List
051822 05:50:46 AM Taking a screenshot .\screenshots\image-051822-055045.png
051822 05:50:46 AM Closing the browser
051822 05:50:58 AM Opening firefox browser
051822 05:50:59 AM Navigating to https://www.saucedemo.com/
051822 05:50:59 AM *******Test Case: Product Details
051822 05:51:01 AM Taking a screenshot .\screenshots\image-051822-055100.png
051822 05:51:01 AM Closing the browser
051822 05:51:13 AM Opening firefox browser
051822 05:51:14 AM Navigating to https://www.saucedemo.com/
051822 05:51:14 AM *******Test Case: Add Item to Cart
051822 05:51:16 AM Taking a screenshot .\screenshots\image-051822-055115.png
051822 05:51:16 AM Closing the browser
